Linkam Scientific Instruments
-----------------------------
LinkamSDK Runtime Log
-----------------------------
Time(us)[940241859566] Info: Created controller instance.
Time(us)[940241859634] Info: No current connection to device exists, attempting connection.
Time(us)[940241963282] Info: USB Device enumeration completed.
Time(us)[940242074596] Info: USB HID layer connection successful, and handle to the device was obtained.
Time(us)[940242074641] Info: Starting USB receiver watchdog thread...
Time(us)[940242183344] Info: The USB receiver watchdog thread has started operation.
Time(us)[940242293397] Info: Starting USB transmit watchdog thread...
Time(us)[940242403276] Info: The USB transmit watchdog thread has started operation.
Time(us)[940242513365] Info: Initialising USB Rx thread...
Time(us)[940242513491] Info: Starting USB Rx thread...
Time(us)[940242514120] Info: USB Rx thread is running.
Time(us)[940242514142] Info: Initialising USB Tx thread...
Time(us)[940242514176] Info: Starting USB Tx thread...
Time(us)[940242514452] Info: USB Tx thread is running.
Time(us)[940242514469] Info: Sending configuration request packets...
Time(us)[940242514494] Info: Sending configuration request for standard controllers...
Time(us)[940242514536] Info: Waiting for configuration response...
Time(us)[940242626141] Info: Controller Details:
Time(us)[940242626220] Info:    name:     T96-S
Time(us)[940242626234] Info:    serial:   14100-3911      
Time(us)[940242626246] Info:    firmware: V1.48
Time(us)[940242626258] Info:    hardware: V 1.3
Time(us)[940242626270] Info: 
Time(us)[940242626280] Info: Stage Details:
Time(us)[940242626291] Info:    name:     LTS420
Time(us)[940242626303] Info:    serial:   11085-0890      
Time(us)[940242626315] Info:    firmware:      
Time(us)[940242626327] Info:    hardware: V 1.0
Time(us)[940242626337] Info: 
Time(us)[940242933263] Info: Obtained system controller configuration response, sending extention card request
Time(us)[940242933560] Info: Waiting for extention card reply...
Time(us)[940242983385] Info: Extension Card Slot ID = 0, Type = 65535 (ffff)
Time(us)[940242983452] Info: Extension Card Slot ID = 1, Type = 65535 (ffff)
Time(us)[940242983462] Info: Extension Card Slot ID = 2, Type = 65535 (ffff)
Time(us)[940242983471] Info: Extension Card Slot ID = 3, Type = 65535 (ffff)
Time(us)[940243043942] Info: Obtained extention card reply.
Time(us)[940243044071] Info: Waiting for stage connection response...
Time(us)[940243174900] Info: Created Linkpad instance.
Time(us)[940243175048] Info: Linkpad Details:
Time(us)[940243175065] Info:    name:     LinkPad
Time(us)[940243175076] Info:    serial:   14104-2029      
Time(us)[940243175089] Info:    firmware: V1.48
Time(us)[940243175100] Info:    hardware: V 1.1
Time(us)[940243175111] Info: 
Time(us)[940243503409] Info: Stage Creation: Standard
Time(us)[940243526017] Info: Stage connection response obtained, requesting configuration.
Time(us)[940243526188] Info: Waiting for configuration response...
Time(us)[940243583233] Info: Configuration response obtained, device initialised.
Time(us)[940243583301] Info: Completed communications initialisation.
Time(us)[940243583314] Info: Received all initialisation data from device, connection successful.
Time(us)[940243583328] Info: Starting polling thread...
Time(us)[940243583622] Info: The data polling thread has started operation.
Time(us)[940243913308] Info: Received 1st Data Reply, continuing...
Time(us)[940243913389] Info: Registered successful connection with connection manager, handle <c4fcda1>
Time(us)[940286120033] Info: Watchdog: Tx Queue Size [1]
Time(us)[940286120043] Info: Watchdog: Tx Sending CMD [300], Attempts to Send [0]-[3]
Time(us)[940286121007] Info: Watchdog: Tx Waiting for command reply received signal.
Time(us)[940286269920] Info: Watchdog: Tx Received command reply received signal in 149 ms
Time(us)[940286420033] Info: Watchdog: Tx Queue Size [1]
Time(us)[940286420045] Info: Watchdog: Tx Sending CMD [300], Attempts to Send [0]-[3]
Time(us)[940286421013] Info: Watchdog: Tx Waiting for command reply received signal.
Time(us)[940286599917] Info: Watchdog: Tx Received command reply received signal in 179 ms
Time(us)[940287770008] Info: Watchdog: Tx Queue Size [1]
Time(us)[940287770020] Info: Watchdog: Tx Sending CMD [300], Attempts to Send [0]-[3]
Time(us)[940287771027] Info: Watchdog: Tx Waiting for command reply received signal.
Time(us)[940287919912] Info: Watchdog: Tx Received command reply received signal in 149 ms
Time(us)[940293419963] Info: Watchdog: Rx Signalling command reply received.
Time(us)[940294370882] Info: Watchdog: Tx Queue Size [1]
Time(us)[940294370898] Info: Watchdog: Tx Sending CMD [300], Attempts to Send [0]-[3]
Time(us)[940294372116] Info: Watchdog: Tx Waiting for command reply received signal.
Time(us)[940294519915] Info: Watchdog: Tx Received command reply received signal in 149 ms
Time(us)[940295289932] Info: Watchdog: Rx Signalling command reply received.
Time(us)[940299029954] Info: Watchdog: Rx Signalling command reply received.
Time(us)[940302659976] Info: Watchdog: Rx Signalling command reply received.
Time(us)[940303759944] Info: Watchdog: Rx Signalling command reply received.
Time(us)[940355081324] Info: Watchdog: Tx Queue Size [1]
Time(us)[940355081339] Info: Watchdog: Tx Sending CMD [300], Attempts to Send [0]-[3]
Time(us)[940355082016] Info: Watchdog: Tx Waiting for command reply received signal.
Time(us)[940355243915] Info: Watchdog: Tx Received command reply received signal in 162 ms
Time(us)[940366672097] Info: Watchdog: Tx Queue Size [1]
Time(us)[940366672123] Info: Watchdog: Tx Sending CMD [300], Attempts to Send [0]-[3]
Time(us)[940366672998] Info: Watchdog: Tx Waiting for command reply received signal.
Time(us)[940366862916] Info: Watchdog: Tx Received command reply received signal in 190 ms
Time(us)[940410405525] Info: Watchdog: Rx Signalling command reply received.
Time(us)[940417957303] Info: Watchdog: Tx Queue Size [1]
Time(us)[940417957319] Info: Watchdog: Tx Sending CMD [300], Attempts to Send [0]-[3]
Time(us)[940417957991] Info: Watchdog: Tx Waiting for command reply received signal.
Time(us)[940418108918] Info: Watchdog: Tx Received command reply received signal in 151 ms
Time(us)[940419605611] Info: Watchdog: Tx Queue Size [1]
Time(us)[940419605625] Info: Watchdog: Tx Sending CMD [300], Attempts to Send [0]-[3]
Time(us)[940419605992] Info: Watchdog: Tx Waiting for command reply received signal.
Time(us)[940419755635] Info: Watchdog: Tx Received command reply received signal in 150 ms
Time(us)[940462419603] Info: Watchdog: Tx Queue Size [1]
Time(us)[940462419613] Info: Watchdog: Tx Sending CMD [300], Attempts to Send [0]-[3]
Time(us)[940462420000] Info: Watchdog: Tx Waiting for command reply received signal.
Time(us)[940462569395] Info: Watchdog: Tx Received command reply received signal in 150 ms
Time(us)[940534717047] Info: Watchdog: Tx Queue Size [1]
Time(us)[940534717059] Info: Watchdog: Tx Sending CMD [300], Attempts to Send [0]-[3]
Time(us)[940534717986] Info: Watchdog: Tx Waiting for command reply received signal.
Time(us)[940534866933] Info: Watchdog: Tx Received command reply received signal in 149 ms
Time(us)[940537606985] Info: Watchdog: Rx Signalling command reply received.
Time(us)[940539476940] Info: Watchdog: Rx Signalling command reply received.
Time(us)[940629654022] Info: Watchdog: Tx Queue Size [1]
Time(us)[940629654036] Info: Watchdog: Tx Sending CMD [300], Attempts to Send [0]-[3]
Time(us)[940629654952] Info: Watchdog: Tx Waiting for command reply received signal.
Time(us)[940629804850] Info: Watchdog: Tx Received command reply received signal in 150 ms
Time(us)[940647535991] Info: Watchdog: Tx Queue Size [1]
Time(us)[940647536002] Info: Watchdog: Tx Sending CMD [300], Attempts to Send [0]-[3]
Time(us)[940647536946] Info: Watchdog: Tx Waiting for command reply received signal.
Time(us)[940647705914] Info: Watchdog: Tx Received command reply received signal in 169 ms
Time(us)[940648316020] Info: Watchdog: Tx Queue Size [1]
Time(us)[940648316043] Info: Watchdog: Tx Sending CMD [300], Attempts to Send [0]-[3]
Time(us)[940648317032] Info: Watchdog: Tx Waiting for command reply received signal.
Time(us)[940648475950] Info: Watchdog: Tx Received command reply received signal in 159 ms
Time(us)[940652506006] Info: Watchdog: Tx Queue Size [1]
Time(us)[940652506015] Info: Watchdog: Tx Sending CMD [300], Attempts to Send [0]-[3]
Time(us)[940652506986] Info: Watchdog: Tx Waiting for command reply received signal.
Time(us)[940652655899] Info: Watchdog: Tx Received command reply received signal in 149 ms
Time(us)[940653975963] Info: Watchdog: Rx Signalling command reply received.
Time(us)[940655795998] Info: Watchdog: Tx Queue Size [1]
Time(us)[940655796010] Info: Watchdog: Tx Sending CMD [300], Attempts to Send [0]-[3]
Time(us)[940655796947] Info: Watchdog: Tx Waiting for command reply received signal.
Time(us)[940655955888] Info: Watchdog: Tx Received command reply received signal in 159 ms
Time(us)[940659145939] Info: Watchdog: Rx Signalling command reply received.
Time(us)[940659536053] Info: Watchdog: Tx Queue Size [1]
Time(us)[940659536069] Info: Watchdog: Tx Sending CMD [300], Attempts to Send [0]-[3]
Time(us)[940659536969] Info: Watchdog: Tx Waiting for command reply received signal.
Time(us)[940659695877] Info: Watchdog: Tx Received command reply received signal in 159 ms
Time(us)[940671135931] Info: Watchdog: Rx Signalling command reply received.
Time(us)[940680595982] Info: Watchdog: Rx Signalling command reply received.
Time(us)[940698305966] Info: Watchdog: Rx Signalling command reply received.
Time(us)[940700505939] Info: Watchdog: Rx Signalling command reply received.
Time(us)[940724495949] Info: Watchdog: Rx Signalling command reply received.
Time(us)[940739402950] Info: Watchdog: Rx Signalling command reply received.
Time(us)[940764963518] Info: Watchdog: Tx Queue Size [1]
Time(us)[940764963529] Info: Watchdog: Tx Sending CMD [300], Attempts to Send [0]-[3]
Time(us)[940764963906] Info: Watchdog: Tx Waiting for command reply received signal.
Time(us)[940765122950] Info: Watchdog: Tx Received command reply received signal in 159 ms
Time(us)[940816121441] Info: Watchdog: Tx Queue Size [1]
Time(us)[940816121460] Info: Watchdog: Tx Sending CMD [300], Attempts to Send [0]-[3]
Time(us)[940816121883] Info: Watchdog: Tx Waiting for command reply received signal.
Time(us)[940816301953] Info: Watchdog: Tx Received command reply received signal in 180 ms
Time(us)[940841012420] Info: Watchdog: Tx Queue Size [1]
Time(us)[940841012438] Info: Watchdog: Tx Sending CMD [300], Attempts to Send [0]-[3]
Time(us)[940841012904] Info: Watchdog: Tx Waiting for command reply received signal.
Time(us)[940841194159] Info: Watchdog: Tx Received command reply received signal in 182 ms
Time(us)[940843319042] Info: Watchdog: Tx Queue Size [1]
Time(us)[940843319054] Info: Watchdog: Tx Sending CMD [300], Attempts to Send [0]-[3]
Time(us)[940843319910] Info: Watchdog: Tx Waiting for command reply received signal.
Time(us)[940843469877] Info: Watchdog: Tx Received command reply received signal in 150 ms
Time(us)[940849100303] Info: Watchdog: Tx Queue Size [1]
Time(us)[940849100317] Info: Watchdog: Tx Sending CMD [300], Attempts to Send [0]-[3]
Time(us)[940849100922] Info: Watchdog: Tx Waiting for command reply received signal.
Time(us)[940849281921] Info: Watchdog: Tx Received command reply received signal in 181 ms
Time(us)[940881384416] Info: Watchdog: Tx Queue Size [1]
Time(us)[940881384436] Info: Watchdog: Tx Sending CMD [300], Attempts to Send [0]-[3]
Time(us)[940881384909] Info: Watchdog: Tx Waiting for command reply received signal.
Time(us)[940881535980] Info: Watchdog: Tx Received command reply received signal in 151 ms
Time(us)[940897784943] Info: Watchdog: Rx Signalling command reply received.
Time(us)[940899291836] Info: Watchdog: Tx Queue Size [1]
Time(us)[940899291847] Info: Watchdog: Tx Sending CMD [300], Attempts to Send [0]-[3]
Time(us)[940899292902] Info: Watchdog: Tx Waiting for command reply received signal.
Time(us)[940899439013] Info: Watchdog: Tx Received command reply received signal in 148 ms
Time(us)[940938811937] Info: Watchdog: Rx Signalling command reply received.
Time(us)[940961134354] Info: Watchdog: Tx Queue Size [1]
Time(us)[940961134378] Info: Watchdog: Tx Sending CMD [300], Attempts to Send [0]-[3]
Time(us)[940961134870] Info: Watchdog: Tx Waiting for command reply received signal.
Time(us)[940961291935] Info: Watchdog: Tx Received command reply received signal in 157 ms
Time(us)[940963187955] Info: Watchdog: Rx Signalling command reply received.
Time(us)[940965405965] Info: Watchdog: Rx Signalling command reply received.
Time(us)[940975778365] Info: Watchdog: Tx Queue Size [1]
Time(us)[940975778396] Info: Watchdog: Tx Sending CMD [300], Attempts to Send [0]-[3]
Time(us)[940975778985] Info: Watchdog: Tx Waiting for command reply received signal.
Time(us)[940975941946] Info: Watchdog: Tx Received command reply received signal in 163 ms
Time(us)[941006773889] Info: Watchdog: Tx Queue Size [1]
Time(us)[941006773903] Info: Watchdog: Tx Sending CMD [300], Attempts to Send [0]-[3]
Time(us)[941006774863] Info: Watchdog: Tx Waiting for command reply received signal.
Time(us)[941006975935] Info: Watchdog: Tx Received command reply received signal in 202 ms
Time(us)[941076932924] Info: Watchdog: Rx Signalling command reply received.
Time(us)[941145841944] Info: Watchdog: Rx Signalling command reply received.
Time(us)[941186244950] Info: Watchdog: Rx Signalling command reply received.
Time(us)[941203971904] Info: Watchdog: Rx Signalling command reply received.
Time(us)[941218429943] Info: Watchdog: Tx Queue Size [1]
Time(us)[941218429958] Info: Watchdog: Tx Sending CMD [300], Attempts to Send [0]-[3]
Time(us)[941218430810] Info: Watchdog: Tx Waiting for command reply received signal.
Time(us)[941218589892] Info: Watchdog: Tx Received command reply received signal in 160 ms
Time(us)[941219359948] Info: Watchdog: Rx Signalling command reply received.
Time(us)[941222057946] Info: Watchdog: Rx Signalling command reply received.
Time(us)[941222691964] Info: Watchdog: Rx Signalling command reply received.
Time(us)[941249645563] Info: Watchdog: Tx Queue Size [1]
Time(us)[941249645576] Info: Watchdog: Tx Sending CMD [300], Attempts to Send [0]-[3]
Time(us)[941249646845] Info: Watchdog: Tx Waiting for command reply received signal.
Time(us)[941249796930] Info: Watchdog: Tx Received command reply received signal in 151 ms
Time(us)[941257808940] Info: Watchdog: Rx Signalling command reply received.
Time(us)[941266333893] Info: Watchdog: Rx Signalling command reply received.
Time(us)[941316325072] Info: Watchdog: Tx Queue Size [1]
Time(us)[941316325084] Info: Watchdog: Tx Sending CMD [300], Attempts to Send [0]-[3]
Time(us)[941316325823] Info: Watchdog: Tx Waiting for command reply received signal.
Time(us)[941316496918] Info: Watchdog: Tx Received command reply received signal in 171 ms
Time(us)[941324026929] Info: Watchdog: Rx Signalling command reply received.
Time(us)[941347127999] Info: Watchdog: Rx Signalling command reply received.
Time(us)[941367643620] Info: Watchdog: Tx Queue Size [1]
Time(us)[941367643632] Info: Watchdog: Tx Sending CMD [300], Attempts to Send [0]-[3]
Time(us)[941367644814] Info: Watchdog: Tx Waiting for command reply received signal.
Time(us)[941367845932] Info: Watchdog: Tx Received command reply received signal in 202 ms
Time(us)[941403067035] Info: Watchdog: Tx Queue Size [1]
Time(us)[941403067047] Info: Watchdog: Tx Sending CMD [300], Attempts to Send [0]-[3]
Time(us)[941403067828] Info: Watchdog: Tx Waiting for command reply received signal.
Time(us)[941403226915] Info: Watchdog: Tx Received command reply received signal in 159 ms
Time(us)[941409909896] Info: Watchdog: Rx Signalling command reply received.
Time(us)[941417726172] Info: Watchdog: Tx Queue Size [1]
Time(us)[941417726197] Info: Watchdog: Tx Sending CMD [300], Attempts to Send [0]-[3]
Time(us)[941417726777] Info: Watchdog: Tx Waiting for command reply received signal.
Time(us)[941417916944] Info: Watchdog: Tx Received command reply received signal in 190 ms
Time(us)[941425737940] Info: Watchdog: Rx Signalling command reply received.
Time(us)[941450022347] Info: Watchdog: Tx Queue Size [1]
Time(us)[941450022361] Info: Watchdog: Tx Sending CMD [300], Attempts to Send [0]-[3]
Time(us)[941450022797] Info: Watchdog: Tx Waiting for command reply received signal.
Time(us)[941450195929] Info: Watchdog: Tx Received command reply received signal in 173 ms
Time(us)[941470088201] Info: Watchdog: Tx Queue Size [1]
Time(us)[941470088212] Info: Watchdog: Tx Sending CMD [300], Attempts to Send [0]-[3]
Time(us)[941470088786] Info: Watchdog: Tx Waiting for command reply received signal.
Time(us)[941470257880] Info: Watchdog: Tx Received command reply received signal in 169 ms
Time(us)[941485153047] Info: Watchdog: Tx Queue Size [1]
Time(us)[941485153057] Info: Watchdog: Tx Sending CMD [300], Attempts to Send [0]-[3]
Time(us)[941485153854] Info: Watchdog: Tx Waiting for command reply received signal.
Time(us)[941485302968] Info: Watchdog: Tx Received command reply received signal in 149 ms
Time(us)[941525043873] Info: Watchdog: Rx Signalling command reply received.
Time(us)[941528863110] Info: Watchdog: Tx Queue Size [1]
Time(us)[941528863139] Info: Watchdog: Tx Sending CMD [300], Attempts to Send [0]-[3]
Time(us)[941528863874] Info: Watchdog: Tx Waiting for command reply received signal.
Time(us)[941529023901] Info: Watchdog: Tx Received command reply received signal in 160 ms
Time(us)[941548250969] Info: Watchdog: Rx Signalling command reply received.
Time(us)[941551990949] Info: Watchdog: Rx Signalling command reply received.
Time(us)[941664507791] Info: Watchdog: Tx Queue Size [1]
Time(us)[941664507806] Info: Watchdog: Tx Sending CMD [300], Attempts to Send [0]-[3]
Time(us)[941664508738] Info: Watchdog: Tx Waiting for command reply received signal.
Time(us)[941664668947] Info: Watchdog: Tx Received command reply received signal in 161 ms
Time(us)[941718196939] Info: Watchdog: Rx Signalling command reply received.
Time(us)[941726244968] Info: Watchdog: Rx Signalling command reply received.
Time(us)[941731528973] Info: Watchdog: Tx Queue Size [1]
Time(us)[941731528983] Info: Watchdog: Tx Sending CMD [300], Attempts to Send [0]-[3]
Time(us)[941731529746] Info: Watchdog: Tx Waiting for command reply received signal.
Time(us)[941731720925] Info: Watchdog: Tx Received command reply received signal in 192 ms
Time(us)[941734179910] Info: Watchdog: Rx Signalling command reply received.
Time(us)[941755672914] Info: Watchdog: Rx Signalling command reply received.
Time(us)[941757754706] Info: Watchdog: Tx Queue Size [1]
Time(us)[941757754717] Info: Watchdog: Tx Sending CMD [300], Attempts to Send [0]-[3]
Time(us)[941757757046] Info: Watchdog: Tx Waiting for command reply received signal.
Time(us)[941757926857] Info: Watchdog: Tx Received command reply received signal in 172 ms
Time(us)[941776517219] Info: Watchdog: Tx Queue Size [1]
Time(us)[941776517248] Info: Watchdog: Tx Sending CMD [300], Attempts to Send [0]-[3]
Time(us)[941776517723] Info: Watchdog: Tx Waiting for command reply received signal.
Time(us)[941776667964] Info: Watchdog: Tx Received command reply received signal in 150 ms
Time(us)[941840769715] Info: Watchdog: Tx Queue Size [1]
Time(us)[941840769743] Info: Watchdog: Tx Sending CMD [300], Attempts to Send [0]-[3]
Time(us)[941840771051] Info: Watchdog: Tx Waiting for command reply received signal.
Time(us)[941840920940] Info: Watchdog: Tx Received command reply received signal in 151 ms
Time(us)[941973968069] Info: Watchdog: Tx Queue Size [1]
Time(us)[941973968095] Info: Watchdog: Tx Sending CMD [300], Attempts to Send [0]-[3]
Time(us)[941973968869] Info: Watchdog: Tx Waiting for command reply received signal.
Time(us)[941974140768] Info: Watchdog: Tx Received command reply received signal in 172 ms
Time(us)[942003930937] Info: Watchdog: Rx Signalling command reply received.
Time(us)[942015923011] Info: Watchdog: Tx Queue Size [1]
Time(us)[942015923024] Info: Watchdog: Tx Sending CMD [300], Attempts to Send [0]-[3]
Time(us)[942015923692] Info: Watchdog: Tx Waiting for command reply received signal.
Time(us)[942016082938] Info: Watchdog: Tx Received command reply received signal in 159 ms
Time(us)[942058155681] Info: Watchdog: Tx Queue Size [1]
Time(us)[942058155695] Info: Watchdog: Tx Sending CMD [300], Attempts to Send [0]-[3]
Time(us)[942058156733] Info: Watchdog: Tx Waiting for command reply received signal.
Time(us)[942058319905] Info: Watchdog: Tx Received command reply received signal in 164 ms
Time(us)[942095373108] Info: Watchdog: Tx Queue Size [1]
Time(us)[942095373125] Info: Watchdog: Tx Sending CMD [300], Attempts to Send [0]-[3]
Time(us)[942095373684] Info: Watchdog: Tx Waiting for command reply received signal.
Time(us)[942095542394] Info: Watchdog: Tx Received command reply received signal in 169 ms
Time(us)[942104869899] Info: Watchdog: Rx Signalling command reply received.
Time(us)[942104869960] Info: Watchdog: Rx Completed command reply received signal.
Time(us)[942104869976] Info: Watchdog: Rx Received command [300, 192, 0, 0]
Time(us)[942104869992] Info: Watchdog: Rx Read Message in 131160 us
Time(us)[942110793732] Info: Watchdog: Tx Queue Size [1]
Time(us)[942110793777] Info: Watchdog: Tx Sending CMD [300], Attempts to Send [0]-[3]
Time(us)[942110794765] Info: Watchdog: Tx Waiting for command reply received signal.
Time(us)[942110961969] Info: Watchdog: Tx Received command reply received signal in 168 ms
Time(us)[942142744126] Info: Watchdog: Tx Queue Size [1]
Time(us)[942142744144] Info: Watchdog: Tx Sending CMD [300], Attempts to Send [0]-[3]
Time(us)[942142744676] Info: Watchdog: Tx Waiting for command reply received signal.
Time(us)[942142903912] Info: Watchdog: Tx Received command reply received signal in 159 ms
Time(us)[942154950967] Info: Watchdog: Rx Signalling command reply received.
Time(us)[942160483213] Info: Watchdog: Tx Queue Size [1]
Time(us)[942160483226] Info: Watchdog: Tx Sending CMD [300], Attempts to Send [0]-[3]
Time(us)[942160483680] Info: Watchdog: Tx Waiting for command reply received signal.
Time(us)[942160642852] Info: Watchdog: Tx Received command reply received signal in 159 ms
Time(us)[942162678858] Info: Watchdog: Rx Signalling command reply received.
Time(us)[942192458925] Info: Watchdog: Rx Signalling command reply received.
Time(us)[942266857547] Info: Watchdog: Tx Queue Size [1]
Time(us)[942266857557] Info: Watchdog: Tx Sending CMD [300], Attempts to Send [0]-[3]
Time(us)[942266859720] Info: Watchdog: Tx Waiting for command reply received signal.
Time(us)[942267008911] Info: Watchdog: Tx Received command reply received signal in 151 ms
Time(us)[942329814986] Info: Watchdog: Rx Signalling command reply received.
Time(us)[942360219909] Info: Watchdog: Rx Signalling command reply received.
Time(us)[942374676983] Info: Watchdog: Rx Signalling command reply received.
Time(us)[942377206964] Info: Watchdog: Rx Signalling command reply received.
Time(us)[942437841736] Info: Watchdog: Tx Queue Size [1]
Time(us)[942437841747] Info: Watchdog: Tx Sending CMD [300], Attempts to Send [0]-[3]
Time(us)[942437842616] Info: Watchdog: Tx Waiting for command reply received signal.
Time(us)[942437991919] Info: Watchdog: Tx Received command reply received signal in 150 ms
Time(us)[942484220936] Info: Watchdog: Rx Signalling command reply received.
Time(us)[942486215400] Info: Watchdog: Tx Queue Size [1]
Time(us)[942486215425] Info: Watchdog: Tx Sending CMD [300], Attempts to Send [0]-[3]
Time(us)[942486219565] Info: Watchdog: Tx Waiting for command reply received signal.
Time(us)[942499992966] Info: Watchdog: Tx Queue Size [1]
Time(us)[942499992976] Info: Watchdog: Tx Sending CMD [300], Attempts to Send [0]-[3]
Time(us)[942499993638] Info: Watchdog: Tx Waiting for command reply received signal.
Time(us)[942500172960] Info: Watchdog: Tx Received command reply received signal in 180 ms
Time(us)[942561543922] Info: Watchdog: Rx Signalling command reply received.
Time(us)[942588731631] Info: Watchdog: Tx Queue Size [1]
Time(us)[942588731650] Info: Watchdog: Tx Sending CMD [300], Attempts to Send [0]-[3]
Time(us)[942588732588] Info: Watchdog: Tx Waiting for command reply received signal.
Time(us)[942588902928] Info: Watchdog: Tx Received command reply received signal in 171 ms
Time(us)[942609935113] Info: Watchdog: Tx Queue Size [1]
Time(us)[942609935127] Info: Watchdog: Tx Sending CMD [300], Attempts to Send [0]-[3]
Time(us)[942609935578] Info: Watchdog: Tx Waiting for command reply received signal.
Time(us)[942610099952] Info: Watchdog: Tx Received command reply received signal in 164 ms
Time(us)[942615560037] Info: Watchdog: Tx Queue Size [1]
Time(us)[942615560070] Info: Watchdog: Tx Sending CMD [300], Attempts to Send [0]-[3]
Time(us)[942615560585] Info: Watchdog: Tx Waiting for command reply received signal.
Time(us)[942615719908] Info: Watchdog: Tx Received command reply received signal in 159 ms
Time(us)[942655033976] Info: Watchdog: Rx Signalling command reply received.
Time(us)[942665141603] Info: Watchdog: Tx Queue Size [1]
Time(us)[942665141632] Info: Watchdog: Tx Sending CMD [300], Attempts to Send [0]-[3]
Time(us)[942665142579] Info: Watchdog: Tx Waiting for command reply received signal.
Time(us)[942665313917] Info: Watchdog: Tx Received command reply received signal in 172 ms
Time(us)[942717949883] Info: Watchdog: Tx Queue Size [1]
Time(us)[942717949919] Info: Watchdog: Tx Sending CMD [300], Attempts to Send [0]-[3]
Time(us)[942717951071] Info: Watchdog: Tx Waiting for command reply received signal.
Time(us)[942718104912] Info: Watchdog: Tx Received command reply received signal in 155 ms
Time(us)[942728323960] Info: Watchdog: Rx Signalling command reply received.
Time(us)[942728503990] Info: Watchdog: Tx Queue Size [1]
Time(us)[942728504014] Info: Watchdog: Tx Sending CMD [300], Attempts to Send [0]-[3]
Time(us)[942728504569] Info: Watchdog: Tx Waiting for command reply received signal.
Time(us)[942728653944] Info: Watchdog: Tx Received command reply received signal in 149 ms
Time(us)[942730896581] Info: Watchdog: Tx Queue Size [1]
Time(us)[942730896597] Info: Watchdog: Tx Sending CMD [300], Attempts to Send [0]-[3]
Time(us)[942730897539] Info: Watchdog: Tx Waiting for command reply received signal.
Time(us)[942731073942] Info: Watchdog: Tx Received command reply received signal in 177 ms
Time(us)[942756769598] Info: Watchdog: Tx Queue Size [1]
Time(us)[942756769609] Info: Watchdog: Tx Sending CMD [300], Attempts to Send [0]-[3]
Time(us)[942756770568] Info: Watchdog: Tx Waiting for command reply received signal.
Time(us)[942756923770] Info: Watchdog: Tx Received command reply received signal in 154 ms
Time(us)[942803003815] Info: Watchdog: Rx Signalling command reply received.
Time(us)[942803378620] Info: Watchdog: Tx Queue Size [1]
Time(us)[942803378638] Info: Watchdog: Tx Sending CMD [300], Attempts to Send [0]-[3]
Time(us)[942803379519] Info: Watchdog: Tx Waiting for command reply received signal.
Time(us)[942803529949] Info: Watchdog: Tx Received command reply received signal in 151 ms
Time(us)[942887664193] Info: Watchdog: Tx Queue Size [1]
Time(us)[942887664221] Info: Watchdog: Tx Sending CMD [300], Attempts to Send [0]-[3]
Time(us)[942887665542] Info: Watchdog: Tx Waiting for command reply received signal.
Time(us)[942887835911] Info: Watchdog: Tx Received command reply received signal in 171 ms
Time(us)[942921351758] Info: Watchdog: Rx Signalling command reply received.
Time(us)[942924560976] Info: Watchdog: Tx Queue Size [1]
Time(us)[942924560993] Info: Watchdog: Tx Sending CMD [300], Attempts to Send [0]-[3]
Time(us)[942924561530] Info: Watchdog: Tx Waiting for command reply received signal.
Time(us)[942924720902] Info: Watchdog: Tx Received command reply received signal in 159 ms
Time(us)[942924900982] Info: Watchdog: Tx Queue Size [1]
Time(us)[942924900993] Info: Watchdog: Tx Sending CMD [300], Attempts to Send [0]-[3]
Time(us)[942924901530] Info: Watchdog: Tx Waiting for command reply received signal.
Time(us)[942925050910] Info: Watchdog: Tx Received command reply received signal in 149 ms
Time(us)[942953700693] Info: Watchdog: Tx Queue Size [1]
Time(us)[942953700709] Info: Watchdog: Tx Sending CMD [300], Attempts to Send [0]-[3]
Time(us)[942953701597] Info: Watchdog: Tx Waiting for command reply received signal.
Time(us)[942953862936] Info: Watchdog: Tx Received command reply received signal in 162 ms
Time(us)[942957575720] Info: Watchdog: Rx Signalling command reply received.
Time(us)[943005452534] Info: Watchdog: Tx Queue Size [1]
Time(us)[943005452559] Info: Watchdog: Tx Sending CMD [300], Attempts to Send [0]-[3]
Time(us)[943005453539] Info: Watchdog: Tx Waiting for command reply received signal.
Time(us)[943005600863] Info: Watchdog: Tx Received command reply received signal in 148 ms
Time(us)[943037672596] Info: Watchdog: Tx Queue Size [1]
Time(us)[943037672621] Info: Watchdog: Tx Sending CMD [300], Attempts to Send [0]-[3]
Time(us)[943037673608] Info: Watchdog: Tx Waiting for command reply received signal.
Time(us)[943037832902] Info: Watchdog: Tx Received command reply received signal in 160 ms
Time(us)[943068888849] Info: Watchdog: Rx Signalling command reply received.
Time(us)[943078189981] Info: Watchdog: Rx Signalling command reply received.
Time(us)[943103859212] Info: Watchdog: Tx Queue Size [1]
Time(us)[943103859232] Info: Watchdog: Tx Sending CMD [300], Attempts to Send [0]-[3]
Time(us)[943103860501] Info: Watchdog: Tx Waiting for command reply received signal.
Time(us)[943104051944] Info: Watchdog: Tx Received command reply received signal in 192 ms
Time(us)[943127479968] Info: Watchdog: Rx Signalling command reply received.
Time(us)[943128249942] Info: Watchdog: Rx Signalling command reply received.
Time(us)[943262982966] Info: Watchdog: Rx Signalling command reply received.
Time(us)[943390066967] Info: Watchdog: Rx Signalling command reply received.
Time(us)[943391335643] Info: Watchdog: Tx Queue Size [1]
Time(us)[943391335660] Info: Watchdog: Tx Sending CMD [300], Attempts to Send [0]-[3]
Time(us)[943391336450] Info: Watchdog: Tx Waiting for command reply received signal.
Time(us)[943391490966] Info: Watchdog: Tx Received command reply received signal in 155 ms
Time(us)[943394022968] Info: Watchdog: Rx Signalling command reply received.
Time(us)[943394193148] Info: Watchdog: Tx Queue Size [1]
Time(us)[943394193159] Info: Watchdog: Tx Sending CMD [300], Attempts to Send [0]-[3]
Time(us)[943394194448] Info: Watchdog: Tx Waiting for command reply received signal.
Time(us)[943394346923] Info: Watchdog: Tx Received command reply received signal in 153 ms
Time(us)[943404143086] Info: Watchdog: Tx Queue Size [1]
Time(us)[943404143115] Info: Watchdog: Tx Sending CMD [300], Attempts to Send [0]-[3]
Time(us)[943404144439] Info: Watchdog: Tx Waiting for command reply received signal.
Time(us)[943404302756] Info: Watchdog: Tx Received command reply received signal in 159 ms
Time(us)[943447804580] Info: Watchdog: Tx Queue Size [1]
Time(us)[943447804595] Info: Watchdog: Tx Sending CMD [300], Attempts to Send [0]-[3]
Time(us)[943447805433] Info: Watchdog: Tx Waiting for command reply received signal.
Time(us)[943447953931] Info: Watchdog: Tx Received command reply received signal in 149 ms
Time(us)[943456336350] Info: Watchdog: Rx Signalling command reply received.
Time(us)[943465809057] Info: Watchdog: Tx Queue Size [1]
Time(us)[943465809077] Info: Watchdog: Tx Sending CMD [300], Attempts to Send [0]-[3]
Time(us)[943465809403] Info: Watchdog: Tx Waiting for command reply received signal.
Time(us)[943465958989] Info: Watchdog: Tx Received command reply received signal in 149 ms
Time(us)[943467666146] Info: Watchdog: Tx Queue Size [1]
Time(us)[943467666165] Info: Watchdog: Tx Sending CMD [300], Attempts to Send [0]-[3]
Time(us)[943467667445] Info: Watchdog: Tx Waiting for command reply received signal.
Time(us)[943467813943] Info: Watchdog: Tx Received command reply received signal in 147 ms
Time(us)[943518437950] Info: Watchdog: Tx Queue Size [1]
Time(us)[943518437961] Info: Watchdog: Tx Sending CMD [300], Attempts to Send [0]-[3]
Time(us)[943518438393] Info: Watchdog: Tx Waiting for command reply received signal.
Time(us)[943518587912] Info: Watchdog: Tx Received command reply received signal in 150 ms
Time(us)[943518759663] Info: Watchdog: Tx Queue Size [1]
Time(us)[943518759679] Info: Watchdog: Tx Sending CMD [300], Attempts to Send [0]-[3]
Time(us)[943518760401] Info: Watchdog: Tx Waiting for command reply received signal.
Time(us)[943518917891] Info: Watchdog: Tx Received command reply received signal in 158 ms
Time(us)[943520842087] Info: Watchdog: Tx Queue Size [1]
Time(us)[943520842126] Info: Watchdog: Tx Sending CMD [300], Attempts to Send [0]-[3]
Time(us)[943520843439] Info: Watchdog: Tx Waiting for command reply received signal.
Time(us)[943521007942] Info: Watchdog: Tx Received command reply received signal in 165 ms
Time(us)[943537865985] Info: Watchdog: Rx Signalling command reply received.
Time(us)[943556576971] Info: Watchdog: Rx Signalling command reply received.
Time(us)[943569527705] Info: Watchdog: Tx Queue Size [1]
Time(us)[943569527722] Info: Watchdog: Tx Sending CMD [300], Attempts to Send [0]-[3]
Time(us)[943569530965] Info: Watchdog: Tx Waiting for command reply received signal.
Time(us)[943569686911] Info: Watchdog: Tx Received command reply received signal in 159 ms
Time(us)[943648086842] Info: Watchdog: Tx Queue Size [1]
Time(us)[943648086856] Info: Watchdog: Tx Sending CMD [300], Attempts to Send [0]-[3]
Time(us)[943648087371] Info: Watchdog: Tx Waiting for command reply received signal.
Time(us)[943648263897] Info: Watchdog: Tx Received command reply received signal in 177 ms
Time(us)[943673858990] Info: Watchdog: Rx Signalling command reply received.
Time(us)[943681921962] Info: Watchdog: Rx Signalling command reply received.
Time(us)[943683003954] Info: Watchdog: Rx Signalling command reply received.
Time(us)[943685869953] Info: Watchdog: Rx Signalling command reply received.
Time(us)[943712851995] Info: Watchdog: Tx Queue Size [1]
Time(us)[943712852006] Info: Watchdog: Tx Sending CMD [300], Attempts to Send [0]-[3]
Time(us)[943712852379] Info: Watchdog: Tx Waiting for command reply received signal.
Time(us)[943713001936] Info: Watchdog: Tx Received command reply received signal in 149 ms
Time(us)[943713442933] Info: Watchdog: Rx Signalling command reply received.
Time(us)[943713442991] Info: Watchdog: Rx Completed command reply received signal.
Time(us)[943713614052] Info: Watchdog: Tx Queue Size [1]
Time(us)[943713614067] Info: Watchdog: Tx Sending CMD [300], Attempts to Send [0]-[3]
Time(us)[943713614446] Info: Watchdog: Tx Waiting for command reply received signal.
Time(us)[943713771881] Info: Watchdog: Tx Received command reply received signal in 157 ms
Time(us)[943721523191] Info: Watchdog: Tx Queue Size [1]
Time(us)[943721523217] Info: Watchdog: Tx Sending CMD [300], Attempts to Send [0]-[3]
Time(us)[943721524391] Info: Watchdog: Tx Waiting for command reply received signal.
Time(us)[943721712335] Info: Watchdog: Tx Received command reply received signal in 189 ms
Time(us)[943728997238] Info: Watchdog: Tx Queue Size [1]
Time(us)[943728997257] Info: Watchdog: Tx Sending CMD [300], Attempts to Send [0]-[3]
Time(us)[943728998359] Info: Watchdog: Tx Waiting for command reply received signal.
Time(us)[943729146940] Info: Watchdog: Tx Received command reply received signal in 149 ms
Time(us)[943759487632] Info: Watchdog: Tx Queue Size [1]
Time(us)[943759487658] Info: Watchdog: Tx Sending CMD [300], Attempts to Send [0]-[3]
Time(us)[943759488381] Info: Watchdog: Tx Waiting for command reply received signal.
Time(us)[943759635950] Info: Watchdog: Tx Received command reply received signal in 148 ms
Time(us)[943769747030] Info: Watchdog: Tx Queue Size [1]
Time(us)[943769747042] Info: Watchdog: Tx Sending CMD [300], Attempts to Send [0]-[3]
Time(us)[943769747379] Info: Watchdog: Tx Waiting for command reply received signal.
Time(us)[943769944937] Info: Watchdog: Tx Received command reply received signal in 197 ms
Time(us)[943816043946] Info: Watchdog: Rx Signalling command reply received.
Time(us)[943816777959] Info: Watchdog: Rx Signalling command reply received.
Time(us)[943819747962] Info: Watchdog: Rx Signalling command reply received.
Time(us)[943864235756] Info: Watchdog: Tx Queue Size [1]
Time(us)[943864235770] Info: Watchdog: Tx Sending CMD [300], Attempts to Send [0]-[3]
Time(us)[943864236411] Info: Watchdog: Tx Waiting for command reply received signal.
Time(us)[943864396908] Info: Watchdog: Tx Received command reply received signal in 161 ms
Time(us)[943865166970] Info: Watchdog: Rx Signalling command reply received.
Time(us)[943873817367] Info: Watchdog: Tx Queue Size [1]
Time(us)[943873817394] Info: Watchdog: Tx Sending CMD [300], Attempts to Send [0]-[3]
Time(us)[943873819011] Info: Watchdog: Tx Waiting for command reply received signal.
Time(us)[943873966911] Info: Watchdog: Tx Received command reply received signal in 149 ms
Time(us)[943877046992] Info: Watchdog: Rx Signalling command reply received.
Time(us)[943880747048] Info: Watchdog: Tx Queue Size [1]
Time(us)[943880747058] Info: Watchdog: Tx Sending CMD [300], Attempts to Send [0]-[3]
Time(us)[943880747331] Info: Watchdog: Tx Waiting for command reply received signal.
Time(us)[943880896900] Info: Watchdog: Tx Received command reply received signal in 149 ms
Time(us)[943884490979] Info: Watchdog: Rx Signalling command reply received.
Time(us)[943886378652] Info: Watchdog: Tx Queue Size [1]
Time(us)[943886378665] Info: Watchdog: Tx Sending CMD [300], Attempts to Send [0]-[3]
Time(us)[943886379372] Info: Watchdog: Tx Waiting for command reply received signal.
Time(us)[943886550829] Info: Watchdog: Tx Received command reply received signal in 172 ms
Time(us)[943931862188] Info: Watchdog: Tx Queue Size [1]
Time(us)[943931862211] Info: Watchdog: Tx Sending CMD [300], Attempts to Send [0]-[3]
Time(us)[943931863570] Info: Watchdog: Tx Waiting for command reply received signal.
Time(us)[943932011896] Info: Watchdog: Tx Received command reply received signal in 149 ms
Time(us)[943932313950] Info: Watchdog: Rx Signalling command reply received.
Time(us)[943932313993] Info: Watchdog: Rx Completed command reply received signal.
Time(us)[943975681988] Info: Watchdog: Tx Queue Size [1]
Time(us)[944042507115] Info: Watchdog: Tx Queue Size [1]
Time(us)[944042507148] Info: Watchdog: Tx Sending CMD [300], Attempts to Send [0]-[3]
Time(us)[944042508338] Info: Watchdog: Tx Waiting for command reply received signal.
Time(us)[944042663974] Info: Watchdog: Tx Received command reply received signal in 156 ms
Time(us)[944046493216] Info: Watchdog: Tx Queue Size [1]
Time(us)[944046493227] Info: Watchdog: Tx Sending CMD [300], Attempts to Send [0]-[3]
Time(us)[944046494325] Info: Watchdog: Tx Waiting for command reply received signal.
Time(us)[944046654943] Info: Watchdog: Tx Received command reply received signal in 161 ms
Time(us)[944080509930] Info: Watchdog: Rx Signalling command reply received.
Time(us)[944090256969] Info: Watchdog: Rx Signalling command reply received.
Time(us)[944090103822] Info: Watchdog: Tx Queue Size [1]
Time(us)[944090103861] Info: Watchdog: Tx Sending CMD [300], Attempts to Send [0]-[3]
Time(us)[944090104357] Info: Watchdog: Tx Waiting for command reply received signal.
Time(us)[944090256973] Info: Watchdog: Tx Received command reply received signal in 153 ms
Time(us)[944114296935] Info: Watchdog: Rx Signalling command reply received.
Time(us)[944115299007] Info: Watchdog: Tx Queue Size [1]
Time(us)[944115299023] Info: Watchdog: Tx Sending CMD [300], Attempts to Send [0]-[3]
Time(us)[944115302743] Info: Watchdog: Tx Waiting for command reply received signal.
Time(us)[944115472902] Info: Watchdog: Tx Received command reply received signal in 173 ms
Time(us)[944116786949] Info: Watchdog: Rx Signalling command reply received.
Time(us)[944132417920] Info: Closing Device Comms...
Time(us)[944132417949] Info: Removing controller from the device list...
Time(us)[944132417968] Info: Controller removed from the device list.
Time(us)[944132417977] Info: Closing connection to the controller...
Time(us)[944133429776] Info: Closing polling thread.
Time(us)[944133449961] Info: Polling thread closed.
Time(us)[944133450072] Info: Closing USB receiver thread.
Time(us)[944133470763] Info: USB receiver thread closed.
Time(us)[944133470863] Info: Closing USB transmission thread.
Time(us)[944133500717] Info: USB transmission thread closed.
Time(us)[944133500822] Info: Closing USB Rx Watchdog thread.
Time(us)[944133609907] Info: Closed USB Rx Watchdog thread.
Time(us)[944133609953] Info: Closing USB Tx Watchdog thread.
Time(us)[944133719804] Info: Closed USB Tx Watchdog thread.
Time(us)[944133719911] Info: Closing USB device handle.
Time(us)[944133720012] Info: USB device handle closed.
Time(us)[944133720061] Info: Finished closing controller.
Time(us)[944133720107] Info: Connection to the controller closed.
Time(us)[944133720153] Info: Finished closing controller.
Time(us)[944133720214] Info: Destroyed Linkpad instance.
Time(us)[944133720322] Info: Destroyed controller instance.
Time(us)[944133720396] Info: Resources cleaned up.
Time(us)[944133720442] Info: Device Comms closed.
Time(us)[944133720484] Info: Calling disconnection handlers...
Time(us)[944133720550] Info: Completed disconnection handler calls.
-----------------------------
Log End


